  pbPlots.c
C:\Politechnika\ProjectZaliczenie\ProjectZaliczenie\grath\pbPlots.c(127,40): warning C4244: 'function': conversion from 'double' to 'size_t', possible loss of data
C:\Politechnika\ProjectZaliczenie\ProjectZaliczenie\grath\pbPlots.c(128,18): warning C4244: '=': conversion from 'double' to 'size_t', possible loss of data
C:\Politechnika\ProjectZaliczenie\ProjectZaliczenie\grath\pbPlots.c(151,65): warning C4244: 'function': conversion from 'double' to 'size_t', possible loss of data
C:\Politechnika\ProjectZaliczenie\ProjectZaliczenie\grath\pbPlots.c(152,31): warning C4244: '=': conversion from 'double' to 'size_t', possible loss of data
C:\Politechnika\ProjectZaliczenie\ProjectZaliczenie\grath\pbPlots.c(381,46): warning C4244: 'function': conversion from 'double' to 'size_t', possible loss of data
C:\Politechnika\ProjectZaliczenie\ProjectZaliczenie\grath\pbPlots.c(382,21): warning C4244: '=': conversion from 'double' to 'size_t', possible loss of data
C:\Politechnika\ProjectZaliczenie\ProjectZaliczenie\grath\pbPlots.c(383,75): warning C4244: 'function': conversion from 'double' to 'size_t', possible loss of data
C:\Politechnika\ProjectZaliczenie\ProjectZaliczenie\grath\pbPlots.c(384,31): warning C4244: '=': conversion from 'double' to 'size_t', possible loss of data
C:\Politechnika\ProjectZaliczenie\ProjectZaliczenie\grath\pbPlots.c(385,60): warning C4244: 'function': conversion from 'double' to 'size_t', possible loss of data
C:\Politechnika\ProjectZaliczenie\ProjectZaliczenie\grath\pbPlots.c(386,35): warning C4244: '=': conversion from 'double' to 'size_t', possible loss of data
C:\Politechnika\ProjectZaliczenie\ProjectZaliczenie\grath\pbPlots.c(510,87): warning C4244: 'function': conversion from 'double' to 'size_t', possible loss of data
C:\Politechnika\ProjectZaliczenie\ProjectZaliczenie\grath\pbPlots.c(511,39): warning C4244: '=': conversion from 'double' to 'size_t', possible loss of data
C:\Politechnika\ProjectZaliczenie\ProjectZaliczenie\grath\pbPlots.c(534,47): warning C4244: 'function': conversion from 'double' to 'size_t', possible loss of data
C:\Politechnika\ProjectZaliczenie\ProjectZaliczenie\grath\pbPlots.c(535,22): warning C4244: '=': conversion from 'double' to 'size_t', possible loss of data
C:\Politechnika\ProjectZaliczenie\ProjectZaliczenie\grath\pbPlots.c(536,47): warning C4244: 'function': conversion from 'double' to 'size_t', possible loss of data
C:\Politechnika\ProjectZaliczenie\ProjectZaliczenie\grath\pbPlots.c(537,22): warning C4244: '=': conversion from 'double' to 'size_t', possible loss of data
C:\Politechnika\ProjectZaliczenie\ProjectZaliczenie\grath\pbPlots.c(549,87): warning C4244: 'function': conversion from 'double' to 'size_t', possible loss of data
C:\Politechnika\ProjectZaliczenie\ProjectZaliczenie\grath\pbPlots.c(550,39): warning C4244: '=': conversion from 'double' to 'size_t', possible loss of data
C:\Politechnika\ProjectZaliczenie\ProjectZaliczenie\grath\pbPlots.c(1039,75): warning C4244: 'function': conversion from 'double' to 'size_t', possible loss of data
C:\Politechnika\ProjectZaliczenie\ProjectZaliczenie\grath\pbPlots.c(1040,35): warning C4244: '=': conversion from 'double' to 'size_t', possible loss of data
C:\Politechnika\ProjectZaliczenie\ProjectZaliczenie\grath\pbPlots.c(1049,73): warning C4244: 'function': conversion from 'double' to 'size_t', possible loss of data
C:\Politechnika\ProjectZaliczenie\ProjectZaliczenie\grath\pbPlots.c(1050,29): warning C4244: '=': conversion from 'double' to 'size_t', possible loss of data
C:\Politechnika\ProjectZaliczenie\ProjectZaliczenie\grath\pbPlots.c(1067,47): warning C4244: 'function': conversion from 'double' to 'size_t', possible loss of data
C:\Politechnika\ProjectZaliczenie\ProjectZaliczenie\grath\pbPlots.c(1068,22): warning C4244: '=': conversion from 'double' to 'size_t', possible loss of data
C:\Politechnika\ProjectZaliczenie\ProjectZaliczenie\grath\pbPlots.c(1079,75): warning C4244: 'function': conversion from 'double' to 'size_t', possible loss of data
C:\Politechnika\ProjectZaliczenie\ProjectZaliczenie\grath\pbPlots.c(1080,35): warning C4244: '=': conversion from 'double' to 'size_t', possible loss of data
C:\Politechnika\ProjectZaliczenie\ProjectZaliczenie\grath\pbPlots.c(1121,18): warning C4244: '=': conversion from 'size_t' to 'double', possible loss of data
C:\Politechnika\ProjectZaliczenie\ProjectZaliczenie\grath\pbPlots.c(1205,46): warning C4244: 'function': conversion from 'double' to 'size_t', possible loss of data
C:\Politechnika\ProjectZaliczenie\ProjectZaliczenie\grath\pbPlots.c(1206,24): warning C4244: '=': conversion from 'double' to 'size_t', possible loss of data
C:\Politechnika\ProjectZaliczenie\ProjectZaliczenie\grath\pbPlots.c(1216,44): warning C4244: 'function': conversion from 'double' to 'size_t', possible loss of data
C:\Politechnika\ProjectZaliczenie\ProjectZaliczenie\grath\pbPlots.c(1217,22): warning C4244: '=': conversion from 'double' to 'size_t', possible loss of data
C:\Politechnika\ProjectZaliczenie\ProjectZaliczenie\grath\pbPlots.c(1221,36): warning C4244: '=': conversion from 'size_t' to 'double', possible loss of data
C:\Politechnika\ProjectZaliczenie\ProjectZaliczenie\grath\pbPlots.c(1327,22): warning C4244: '=': conversion from 'size_t' to 'double', possible loss of data
C:\Politechnika\ProjectZaliczenie\ProjectZaliczenie\grath\pbPlots.c(1316,20): warning C4101: 'height': unreferenced local variable
C:\Politechnika\ProjectZaliczenie\ProjectZaliczenie\grath\pbPlots.c(1316,13): warning C4101: 'width': unreferenced local variable
C:\Politechnika\ProjectZaliczenie\ProjectZaliczenie\grath\pbPlots.c(1417,16): warning C4244: 'function': conversion from 'size_t' to 'double', possible loss of data
C:\Politechnika\ProjectZaliczenie\ProjectZaliczenie\grath\pbPlots.c(1421,16): warning C4244: 'function': conversion from 'size_t' to 'double', possible loss of data
C:\Politechnika\ProjectZaliczenie\ProjectZaliczenie\grath\pbPlots.c(1425,16): warning C4244: 'function': conversion from 'size_t' to 'double', possible loss of data
C:\Politechnika\ProjectZaliczenie\ProjectZaliczenie\grath\pbPlots.c(1429,16): warning C4244: 'function': conversion from 'size_t' to 'double', possible loss of data
C:\Politechnika\ProjectZaliczenie\ProjectZaliczenie\grath\pbPlots.c(1433,16): warning C4244: 'function': conversion from 'size_t' to 'double', possible loss of data
C:\Politechnika\ProjectZaliczenie\ProjectZaliczenie\grath\pbPlots.c(1437,16): warning C4244: 'function': conversion from 'size_t' to 'double', possible loss of data
C:\Politechnika\ProjectZaliczenie\ProjectZaliczenie\grath\pbPlots.c(1441,16): warning C4244: 'function': conversion from 'size_t' to 'double', possible loss of data
C:\Politechnika\ProjectZaliczenie\ProjectZaliczenie\grath\pbPlots.c(1445,16): warning C4244: 'function': conversion from 'size_t' to 'double', possible loss of data
C:\Politechnika\ProjectZaliczenie\ProjectZaliczenie\grath\pbPlots.c(1449,16): warning C4244: 'function': conversion from 'size_t' to 'double', possible loss of data
C:\Politechnika\ProjectZaliczenie\ProjectZaliczenie\grath\pbPlots.c(1451,39): warning C4244: 'function': conversion from 'double' to 'size_t', possible loss of data
C:\Politechnika\ProjectZaliczenie\ProjectZaliczenie\grath\pbPlots.c(1452,14): warning C4244: '=': conversion from 'double' to 'size_t', possible loss of data
C:\Politechnika\ProjectZaliczenie\ProjectZaliczenie\grath\pbPlots.c(1458,39): warning C4244: 'function': conversion from 'double' to 'size_t', possible loss of data
C:\Politechnika\ProjectZaliczenie\ProjectZaliczenie\grath\pbPlots.c(1459,14): warning C4244: '=': conversion from 'double' to 'size_t', possible loss of data
C:\Politechnika\ProjectZaliczenie\ProjectZaliczenie\grath\pbPlots.c(1530,54): warning C4244: 'function': conversion from 'double' to 'size_t', possible loss of data
C:\Politechnika\ProjectZaliczenie\ProjectZaliczenie\grath\pbPlots.c(1531,20): warning C4244: '=': conversion from 'double' to 'size_t', possible loss of data
C:\Politechnika\ProjectZaliczenie\ProjectZaliczenie\grath\pbPlots.c(1534,57): warning C4244: 'function': conversion from 'double' to 'size_t', possible loss of data
C:\Politechnika\ProjectZaliczenie\ProjectZaliczenie\grath\pbPlots.c(1535,35): warning C4244: '=': conversion from 'double' to 'size_t', possible loss of data
C:\Politechnika\ProjectZaliczenie\ProjectZaliczenie\grath\pbPlots.c(1559,15): warning C4244: 'return': conversion from 'size_t' to 'double', possible loss of data
C:\Politechnika\ProjectZaliczenie\ProjectZaliczenie\grath\pbPlots.c(1567,25): warning C4244: '=': conversion from 'size_t' to 'double', possible loss of data
C:\Politechnika\ProjectZaliczenie\ProjectZaliczenie\grath\pbPlots.c(2193,42): warning C4244: 'function': conversion from 'double' to 'size_t', possible loss of data
C:\Politechnika\ProjectZaliczenie\ProjectZaliczenie\grath\pbPlots.c(2194,19): warning C4244: '=': conversion from 'double' to 'size_t', possible loss of data
C:\Politechnika\ProjectZaliczenie\ProjectZaliczenie\grath\pbPlots.c(2223,42): warning C4244: 'function': conversion from 'double' to 'size_t', possible loss of data
C:\Politechnika\ProjectZaliczenie\ProjectZaliczenie\grath\pbPlots.c(2224,19): warning C4244: '=': conversion from 'double' to 'size_t', possible loss of data
C:\Politechnika\ProjectZaliczenie\ProjectZaliczenie\grath\pbPlots.c(2247,42): warning C4244: 'function': conversion from 'double' to 'size_t', possible loss of data
C:\Politechnika\ProjectZaliczenie\ProjectZaliczenie\grath\pbPlots.c(2248,19): warning C4244: '=': conversion from 'double' to 'size_t', possible loss of data
C:\Politechnika\ProjectZaliczenie\ProjectZaliczenie\grath\pbPlots.c(2271,42): warning C4244: 'function': conversion from 'double' to 'size_t', possible loss of data
C:\Politechnika\ProjectZaliczenie\ProjectZaliczenie\grath\pbPlots.c(2272,19): warning C4244: '=': conversion from 'double' to 'size_t', possible loss of data
C:\Politechnika\ProjectZaliczenie\ProjectZaliczenie\grath\pbPlots.c(2286,42): warning C4244: 'function': conversion from 'double' to 'size_t', possible loss of data
C:\Politechnika\ProjectZaliczenie\ProjectZaliczenie\grath\pbPlots.c(2287,19): warning C4244: '=': conversion from 'double' to 'size_t', possible loss of data
C:\Politechnika\ProjectZaliczenie\ProjectZaliczenie\grath\pbPlots.c(2324,10): warning C4244: '=': conversion from 'size_t' to 'double', possible loss of data
C:\Politechnika\ProjectZaliczenie\ProjectZaliczenie\grath\pbPlots.c(2325,16): warning C4244: '=': conversion from 'size_t' to 'double', possible loss of data
C:\Politechnika\ProjectZaliczenie\ProjectZaliczenie\grath\pbPlots.c(2389,45): warning C4244: 'function': conversion from 'double' to 'size_t', possible loss of data
C:\Politechnika\ProjectZaliczenie\ProjectZaliczenie\grath\pbPlots.c(2390,18): warning C4244: '=': conversion from 'double' to 'size_t', possible loss of data
C:\Politechnika\ProjectZaliczenie\ProjectZaliczenie\grath\pbPlots.c(2481,49): warning C4244: 'function': conversion from 'double' to 'size_t', possible loss of data
C:\Politechnika\ProjectZaliczenie\ProjectZaliczenie\grath\pbPlots.c(2482,22): warning C4244: '=': conversion from 'double' to 'size_t', possible loss of data
C:\Politechnika\ProjectZaliczenie\ProjectZaliczenie\grath\pbPlots.c(2720,63): warning C4244: 'function': conversion from 'double' to 'size_t', possible loss of data
C:\Politechnika\ProjectZaliczenie\ProjectZaliczenie\grath\pbPlots.c(2721,38): warning C4244: '=': conversion from 'double' to 'size_t', possible loss of data
C:\Politechnika\ProjectZaliczenie\ProjectZaliczenie\grath\pbPlots.c(2732,64): warning C4244: 'function': conversion from 'double' to 'size_t', possible loss of data
C:\Politechnika\ProjectZaliczenie\ProjectZaliczenie\grath\pbPlots.c(2733,39): warning C4244: '=': conversion from 'double' to 'size_t', possible loss of data
C:\Politechnika\ProjectZaliczenie\ProjectZaliczenie\grath\pbPlots.c(2734,62): warning C4244: 'function': conversion from 'double' to 'size_t', possible loss of data
C:\Politechnika\ProjectZaliczenie\ProjectZaliczenie\grath\pbPlots.c(2735,37): warning C4244: '=': conversion from 'double' to 'size_t', possible loss of data
C:\Politechnika\ProjectZaliczenie\ProjectZaliczenie\grath\pbPlots.c(2765,66): warning C4244: 'function': conversion from 'double' to 'size_t', possible loss of data
C:\Politechnika\ProjectZaliczenie\ProjectZaliczenie\grath\pbPlots.c(2766,41): warning C4244: '=': conversion from 'double' to 'size_t', possible loss of data
C:\Politechnika\ProjectZaliczenie\ProjectZaliczenie\grath\pbPlots.c(2777,66): warning C4244: 'function': conversion from 'double' to 'size_t', possible loss of data
C:\Politechnika\ProjectZaliczenie\ProjectZaliczenie\grath\pbPlots.c(2778,41): warning C4244: '=': conversion from 'double' to 'size_t', possible loss of data
C:\Politechnika\ProjectZaliczenie\ProjectZaliczenie\grath\pbPlots.c(2794,64): warning C4244: 'function': conversion from 'double' to 'size_t', possible loss of data
C:\Politechnika\ProjectZaliczenie\ProjectZaliczenie\grath\pbPlots.c(2795,39): warning C4244: '=': conversion from 'double' to 'size_t', possible loss of data
C:\Politechnika\ProjectZaliczenie\ProjectZaliczenie\grath\pbPlots.c(2837,66): warning C4244: 'function': conversion from 'double' to 'size_t', possible loss of data
C:\Politechnika\ProjectZaliczenie\ProjectZaliczenie\grath\pbPlots.c(2838,41): warning C4244: '=': conversion from 'double' to 'size_t', possible loss of data
C:\Politechnika\ProjectZaliczenie\ProjectZaliczenie\grath\pbPlots.c(3197,38): warning C4244: 'function': conversion from 'double' to 'size_t', possible loss of data
C:\Politechnika\ProjectZaliczenie\ProjectZaliczenie\grath\pbPlots.c(3198,13): warning C4244: '=': conversion from 'double' to 'size_t', possible loss of data
C:\Politechnika\ProjectZaliczenie\ProjectZaliczenie\grath\pbPlots.c(3348,38): warning C4244: 'function': conversion from 'double' to 'size_t', possible loss of data
C:\Politechnika\ProjectZaliczenie\ProjectZaliczenie\grath\pbPlots.c(3349,15): warning C4244: '=': conversion from 'double' to 'size_t', possible loss of data
C:\Politechnika\ProjectZaliczenie\ProjectZaliczenie\grath\pbPlots.c(3387,29): warning C4244: '=': conversion from 'double' to 'wchar_t', possible loss of data
C:\Politechnika\ProjectZaliczenie\ProjectZaliczenie\grath\pbPlots.c(3568,40): warning C4244: 'function': conversion from 'double' to 'size_t', possible loss of data
C:\Politechnika\ProjectZaliczenie\ProjectZaliczenie\grath\pbPlots.c(3569,15): warning C4244: '=': conversion from 'double' to 'size_t', possible loss of data
C:\Politechnika\ProjectZaliczenie\ProjectZaliczenie\grath\pbPlots.c(3592,38): warning C4244: 'function': conversion from 'double' to 'size_t', possible loss of data
C:\Politechnika\ProjectZaliczenie\ProjectZaliczenie\grath\pbPlots.c(3593,15): warning C4244: '=': conversion from 'double' to 'size_t', possible loss of data
C:\Politechnika\ProjectZaliczenie\ProjectZaliczenie\grath\pbPlots.c(3616,42): warning C4244: 'function': conversion from 'double' to 'size_t', possible loss of data
C:\Politechnika\ProjectZaliczenie\ProjectZaliczenie\grath\pbPlots.c(3617,15): warning C4244: '=': conversion from 'double' to 'size_t', possible loss of data
C:\Politechnika\ProjectZaliczenie\ProjectZaliczenie\grath\pbPlots.c(3639,42): warning C4244: 'function': conversion from 'double' to 'size_t', possible loss of data
C:\Politechnika\ProjectZaliczenie\ProjectZaliczenie\grath\pbPlots.c(3640,17): warning C4244: '=': conversion from 'double' to 'size_t', possible loss of data
C:\Politechnika\ProjectZaliczenie\ProjectZaliczenie\grath\pbPlots.c(3650,40): warning C4244: 'function': conversion from 'double' to 'size_t', possible loss of data
C:\Politechnika\ProjectZaliczenie\ProjectZaliczenie\grath\pbPlots.c(3651,17): warning C4244: '=': conversion from 'double' to 'size_t', possible loss of data
C:\Politechnika\ProjectZaliczenie\ProjectZaliczenie\grath\pbPlots.c(3661,44): warning C4244: 'function': conversion from 'double' to 'size_t', possible loss of data
C:\Politechnika\ProjectZaliczenie\ProjectZaliczenie\grath\pbPlots.c(3662,17): warning C4244: '=': conversion from 'double' to 'size_t', possible loss of data
C:\Politechnika\ProjectZaliczenie\ProjectZaliczenie\grath\pbPlots.c(3711,52): warning C4244: 'function': conversion from 'double' to 'size_t', possible loss of data
C:\Politechnika\ProjectZaliczenie\ProjectZaliczenie\grath\pbPlots.c(3712,29): warning C4244: '=': conversion from 'double' to 'size_t', possible loss of data
C:\Politechnika\ProjectZaliczenie\ProjectZaliczenie\grath\pbPlots.c(3754,53): warning C4244: 'function': conversion from 'double' to 'size_t', possible loss of data
C:\Politechnika\ProjectZaliczenie\ProjectZaliczenie\grath\pbPlots.c(3755,28): warning C4244: '=': conversion from 'double' to 'size_t', possible loss of data
C:\Politechnika\ProjectZaliczenie\ProjectZaliczenie\grath\pbPlots.c(3781,50): warning C4244: 'function': conversion from 'double' to 'size_t', possible loss of data
C:\Politechnika\ProjectZaliczenie\ProjectZaliczenie\grath\pbPlots.c(3782,23): warning C4244: '=': conversion from 'double' to 'size_t', possible loss of data
C:\Politechnika\ProjectZaliczenie\ProjectZaliczenie\grath\pbPlots.c(3808,72): warning C4244: 'function': conversion from 'double' to 'size_t', possible loss of data
C:\Politechnika\ProjectZaliczenie\ProjectZaliczenie\grath\pbPlots.c(3809,28): warning C4244: '=': conversion from 'double' to 'size_t', possible loss of data
C:\Politechnika\ProjectZaliczenie\ProjectZaliczenie\grath\pbPlots.c(3827,31): error C2026: string too big, trailing characters truncated
C:\Politechnika\ProjectZaliczenie\ProjectZaliczenie\grath\pbPlots.c(3828,10): error C2026: string too big, trailing characters truncated
C:\Politechnika\ProjectZaliczenie\ProjectZaliczenie\grath\pbPlots.c(3842,49): warning C4244: 'function': conversion from 'double' to 'size_t', possible loss of data
C:\Politechnika\ProjectZaliczenie\ProjectZaliczenie\grath\pbPlots.c(3843,22): warning C4244: '=': conversion from 'double' to 'size_t', possible loss of data
C:\Politechnika\ProjectZaliczenie\ProjectZaliczenie\grath\pbPlots.c(4025,41): warning C4244: 'function': conversion from 'double' to 'size_t', possible loss of data
C:\Politechnika\ProjectZaliczenie\ProjectZaliczenie\grath\pbPlots.c(4026,16): warning C4244: '=': conversion from 'double' to 'size_t', possible loss of data
C:\Politechnika\ProjectZaliczenie\ProjectZaliczenie\grath\pbPlots.c(4095,46): warning C4244: 'function': conversion from 'double' to 'size_t', possible loss of data
C:\Politechnika\ProjectZaliczenie\ProjectZaliczenie\grath\pbPlots.c(4096,21): warning C4244: '=': conversion from 'double' to 'size_t', possible loss of data
C:\Politechnika\ProjectZaliczenie\ProjectZaliczenie\grath\pbPlots.c(4127,46): warning C4244: 'function': conversion from 'double' to 'size_t', possible loss of data
C:\Politechnika\ProjectZaliczenie\ProjectZaliczenie\grath\pbPlots.c(4128,21): warning C4244: '=': conversion from 'double' to 'size_t', possible loss of data
C:\Politechnika\ProjectZaliczenie\ProjectZaliczenie\grath\pbPlots.c(4166,38): warning C4244: 'function': conversion from 'double' to 'size_t', possible loss of data
C:\Politechnika\ProjectZaliczenie\ProjectZaliczenie\grath\pbPlots.c(4167,13): warning C4244: '=': conversion from 'double' to 'size_t', possible loss of data
C:\Politechnika\ProjectZaliczenie\ProjectZaliczenie\grath\pbPlots.c(4194,45): warning C4244: 'function': conversion from 'double' to 'size_t', possible loss of data
C:\Politechnika\ProjectZaliczenie\ProjectZaliczenie\grath\pbPlots.c(4195,20): warning C4244: '=': conversion from 'double' to 'size_t', possible loss of data
C:\Politechnika\ProjectZaliczenie\ProjectZaliczenie\grath\pbPlots.c(4287,38): warning C4244: 'function': conversion from 'double' to 'size_t', possible loss of data
C:\Politechnika\ProjectZaliczenie\ProjectZaliczenie\grath\pbPlots.c(4288,14): warning C4244: '=': conversion from 'double' to 'size_t', possible loss of data
C:\Politechnika\ProjectZaliczenie\ProjectZaliczenie\grath\pbPlots.c(4302,46): warning C4244: 'function': conversion from 'double' to 'size_t', possible loss of data
C:\Politechnika\ProjectZaliczenie\ProjectZaliczenie\grath\pbPlots.c(4303,19): warning C4244: '=': conversion from 'double' to 'size_t', possible loss of data
C:\Politechnika\ProjectZaliczenie\ProjectZaliczenie\grath\pbPlots.c(4304,16): warning C4244: '=': conversion from 'double' to 'wchar_t', possible loss of data
C:\Politechnika\ProjectZaliczenie\ProjectZaliczenie\grath\pbPlots.c(4305,16): warning C4244: '=': conversion from 'double' to 'wchar_t', possible loss of data
C:\Politechnika\ProjectZaliczenie\ProjectZaliczenie\grath\pbPlots.c(4306,16): warning C4244: '=': conversion from 'double' to 'wchar_t', possible loss of data
C:\Politechnika\ProjectZaliczenie\ProjectZaliczenie\grath\pbPlots.c(4307,16): warning C4244: '=': conversion from 'double' to 'wchar_t', possible loss of data
C:\Politechnika\ProjectZaliczenie\ProjectZaliczenie\grath\pbPlots.c(4351,40): warning C4244: 'function': conversion from 'double' to 'size_t', possible loss of data
C:\Politechnika\ProjectZaliczenie\ProjectZaliczenie\grath\pbPlots.c(4352,13): warning C4244: '=': conversion from 'double' to 'size_t', possible loss of data
C:\Politechnika\ProjectZaliczenie\ProjectZaliczenie\grath\pbPlots.c(4406,48): warning C4244: 'function': conversion from 'double' to 'size_t', possible loss of data
C:\Politechnika\ProjectZaliczenie\ProjectZaliczenie\grath\pbPlots.c(4407,34): warning C4244: '=': conversion from 'double' to 'size_t', possible loss of data
C:\Politechnika\ProjectZaliczenie\ProjectZaliczenie\grath\pbPlots.c(4424,54): warning C4244: 'function': conversion from 'double' to 'size_t', possible loss of data
C:\Politechnika\ProjectZaliczenie\ProjectZaliczenie\grath\pbPlots.c(4425,27): warning C4244: '=': conversion from 'double' to 'size_t', possible loss of data
C:\Politechnika\ProjectZaliczenie\ProjectZaliczenie\grath\pbPlots.c(4547,45): warning C4244: 'function': conversion from 'double' to 'size_t', possible loss of data
C:\Politechnika\ProjectZaliczenie\ProjectZaliczenie\grath\pbPlots.c(4548,18): warning C4244: '=': conversion from 'double' to 'size_t', possible loss of data
C:\Politechnika\ProjectZaliczenie\ProjectZaliczenie\grath\pbPlots.c(4573,45): warning C4244: 'function': conversion from 'double' to 'size_t', possible loss of data
C:\Politechnika\ProjectZaliczenie\ProjectZaliczenie\grath\pbPlots.c(4574,18): warning C4244: '=': conversion from 'double' to 'size_t', possible loss of data
C:\Politechnika\ProjectZaliczenie\ProjectZaliczenie\grath\pbPlots.c(4605,31): warning C4244: '=': conversion from 'size_t' to 'double', possible loss of data
C:\Politechnika\ProjectZaliczenie\ProjectZaliczenie\grath\pbPlots.c(4618,47): warning C4244: 'function': conversion from 'double' to 'size_t', possible loss of data
C:\Politechnika\ProjectZaliczenie\ProjectZaliczenie\grath\pbPlots.c(4619,20): warning C4244: '=': conversion from 'double' to 'size_t', possible loss of data
C:\Politechnika\ProjectZaliczenie\ProjectZaliczenie\grath\pbPlots.c(4640,73): warning C4244: 'function': conversion from 'size_t' to 'double', possible loss of data
C:\Politechnika\ProjectZaliczenie\ProjectZaliczenie\grath\pbPlots.c(4654,61): warning C4244: 'function': conversion from 'double' to 'size_t', possible loss of data
C:\Politechnika\ProjectZaliczenie\ProjectZaliczenie\grath\pbPlots.c(4655,17): warning C4244: '=': conversion from 'double' to 'size_t', possible loss of data
C:\Politechnika\ProjectZaliczenie\ProjectZaliczenie\grath\pbPlots.c(4657,43): warning C4244: 'function': conversion from 'double' to 'size_t', possible loss of data
C:\Politechnika\ProjectZaliczenie\ProjectZaliczenie\grath\pbPlots.c(4658,16): warning C4244: '=': conversion from 'double' to 'size_t', possible loss of data
C:\Politechnika\ProjectZaliczenie\ProjectZaliczenie\grath\pbPlots.c(4667,47): warning C4244: 'function': conversion from 'double' to 'size_t', possible loss of data
C:\Politechnika\ProjectZaliczenie\ProjectZaliczenie\grath\pbPlots.c(4668,20): warning C4244: '=': conversion from 'double' to 'size_t', possible loss of data
C:\Politechnika\ProjectZaliczenie\ProjectZaliczenie\grath\pbPlots.c(4721,38): warning C4244: 'function': conversion from 'double' to 'size_t', possible loss of data
C:\Politechnika\ProjectZaliczenie\ProjectZaliczenie\grath\pbPlots.c(4722,13): warning C4244: '=': conversion from 'double' to 'size_t', possible loss of data
C:\Politechnika\ProjectZaliczenie\ProjectZaliczenie\grath\pbPlots.c(4819,45): warning C4244: 'function': conversion from 'double' to 'size_t', possible loss of data
C:\Politechnika\ProjectZaliczenie\ProjectZaliczenie\grath\pbPlots.c(4820,20): warning C4244: '=': conversion from 'double' to 'size_t', possible loss of data
C:\Politechnika\ProjectZaliczenie\ProjectZaliczenie\grath\pbPlots.c(4864,44): warning C4244: 'function': conversion from 'double' to 'size_t', possible loss of data
C:\Politechnika\ProjectZaliczenie\ProjectZaliczenie\grath\pbPlots.c(4865,19): warning C4244: '=': conversion from 'double' to 'size_t', possible loss of data
C:\Politechnika\ProjectZaliczenie\ProjectZaliczenie\grath\pbPlots.c(4906,44): warning C4244: 'function': conversion from 'double' to 'size_t', possible loss of data
C:\Politechnika\ProjectZaliczenie\ProjectZaliczenie\grath\pbPlots.c(4907,30): warning C4244: '=': conversion from 'double' to 'size_t', possible loss of data
C:\Politechnika\ProjectZaliczenie\ProjectZaliczenie\grath\pbPlots.c(4926,44): warning C4244: 'function': conversion from 'double' to 'size_t', possible loss of data
C:\Politechnika\ProjectZaliczenie\ProjectZaliczenie\grath\pbPlots.c(4927,30): warning C4244: '=': conversion from 'double' to 'size_t', possible loss of data
C:\Politechnika\ProjectZaliczenie\ProjectZaliczenie\grath\pbPlots.c(4958,76): warning C4244: 'function': conversion from 'double' to 'size_t', possible loss of data
C:\Politechnika\ProjectZaliczenie\ProjectZaliczenie\grath\pbPlots.c(4959,30): warning C4244: '=': conversion from 'double' to 'size_t', possible loss of data
C:\Politechnika\ProjectZaliczenie\ProjectZaliczenie\grath\pbPlots.c(4979,76): warning C4244: 'function': conversion from 'double' to 'size_t', possible loss of data
C:\Politechnika\ProjectZaliczenie\ProjectZaliczenie\grath\pbPlots.c(4980,30): warning C4244: '=': conversion from 'double' to 'size_t', possible loss of data
C:\Politechnika\ProjectZaliczenie\ProjectZaliczenie\grath\pbPlots.c(5011,42): warning C4244: 'function': conversion from 'double' to 'size_t', possible loss of data
C:\Politechnika\ProjectZaliczenie\ProjectZaliczenie\grath\pbPlots.c(5012,30): warning C4244: '=': conversion from 'double' to 'size_t', possible loss of data
C:\Politechnika\ProjectZaliczenie\ProjectZaliczenie\grath\pbPlots.c(5031,42): warning C4244: 'function': conversion from 'double' to 'size_t', possible loss of data
C:\Politechnika\ProjectZaliczenie\ProjectZaliczenie\grath\pbPlots.c(5032,30): warning C4244: '=': conversion from 'double' to 'size_t', possible loss of data
C:\Politechnika\ProjectZaliczenie\ProjectZaliczenie\grath\pbPlots.c(5086,61): warning C4244: 'function': conversion from 'double' to 'size_t', possible loss of data
C:\Politechnika\ProjectZaliczenie\ProjectZaliczenie\grath\pbPlots.c(5087,17): warning C4244: '=': conversion from 'double' to 'size_t', possible loss of data
C:\Politechnika\ProjectZaliczenie\ProjectZaliczenie\grath\pbPlots.c(5140,63): warning C4244: 'function': conversion from 'double' to 'size_t', possible loss of data
C:\Politechnika\ProjectZaliczenie\ProjectZaliczenie\grath\pbPlots.c(5141,15): warning C4244: '=': conversion from 'double' to 'size_t', possible loss of data
C:\Politechnika\ProjectZaliczenie\ProjectZaliczenie\grath\pbPlots.c(5264,42): warning C4244: 'function': conversion from 'double' to 'size_t', possible loss of data
C:\Politechnika\ProjectZaliczenie\ProjectZaliczenie\grath\pbPlots.c(5265,17): warning C4244: '=': conversion from 'double' to 'size_t', possible loss of data
C:\Politechnika\ProjectZaliczenie\ProjectZaliczenie\grath\pbPlots.c(5340,44): warning C4244: 'function': conversion from 'double' to 'size_t', possible loss of data
C:\Politechnika\ProjectZaliczenie\ProjectZaliczenie\grath\pbPlots.c(5341,17): warning C4244: '=': conversion from 'double' to 'size_t', possible loss of data
C:\Politechnika\ProjectZaliczenie\ProjectZaliczenie\grath\pbPlots.c(5381,46): warning C4244: 'function': conversion from 'double' to 'size_t', possible loss of data
C:\Politechnika\ProjectZaliczenie\ProjectZaliczenie\grath\pbPlots.c(5382,21): warning C4244: '=': conversion from 'double' to 'size_t', possible loss of data
C:\Politechnika\ProjectZaliczenie\ProjectZaliczenie\grath\pbPlots.c(5391,46): warning C4244: 'function': conversion from 'double' to 'size_t', possible loss of data
C:\Politechnika\ProjectZaliczenie\ProjectZaliczenie\grath\pbPlots.c(5392,21): warning C4244: '=': conversion from 'double' to 'size_t', possible loss of data
C:\Politechnika\ProjectZaliczenie\ProjectZaliczenie\grath\pbPlots.c(5411,45): warning C4244: 'function': conversion from 'double' to 'size_t', possible loss of data
C:\Politechnika\ProjectZaliczenie\ProjectZaliczenie\grath\pbPlots.c(5412,20): warning C4244: '=': conversion from 'double' to 'size_t', possible loss of data
C:\Politechnika\ProjectZaliczenie\ProjectZaliczenie\grath\pbPlots.c(5440,45): warning C4244: 'function': conversion from 'double' to 'size_t', possible loss of data
C:\Politechnika\ProjectZaliczenie\ProjectZaliczenie\grath\pbPlots.c(5441,20): warning C4244: '=': conversion from 'double' to 'size_t', possible loss of data
C:\Politechnika\ProjectZaliczenie\ProjectZaliczenie\grath\pbPlots.c(5498,42): warning C4244: 'function': conversion from 'double' to 'size_t', possible loss of data
C:\Politechnika\ProjectZaliczenie\ProjectZaliczenie\grath\pbPlots.c(5499,19): warning C4244: '=': conversion from 'double' to 'size_t', possible loss of data
C:\Politechnika\ProjectZaliczenie\ProjectZaliczenie\grath\pbPlots.c(5522,7): warning C4244: '=': conversion from 'size_t' to 'double', possible loss of data
C:\Politechnika\ProjectZaliczenie\ProjectZaliczenie\grath\pbPlots.c(5539,16): warning C4244: '=': conversion from 'size_t' to 'double', possible loss of data
C:\Politechnika\ProjectZaliczenie\ProjectZaliczenie\grath\pbPlots.c(5582,46): warning C4244: 'function': conversion from 'double' to 'size_t', possible loss of data
C:\Politechnika\ProjectZaliczenie\ProjectZaliczenie\grath\pbPlots.c(5583,23): warning C4244: '=': conversion from 'double' to 'size_t', possible loss of data
C:\Politechnika\ProjectZaliczenie\ProjectZaliczenie\grath\pbPlots.c(5597,46): warning C4244: 'function': conversion from 'double' to 'size_t', possible loss of data
C:\Politechnika\ProjectZaliczenie\ProjectZaliczenie\grath\pbPlots.c(5598,30): warning C4244: '=': conversion from 'double' to 'size_t', possible loss of data
C:\Politechnika\ProjectZaliczenie\ProjectZaliczenie\grath\pbPlots.c(5617,46): warning C4244: 'function': conversion from 'double' to 'size_t', possible loss of data
C:\Politechnika\ProjectZaliczenie\ProjectZaliczenie\grath\pbPlots.c(5618,30): warning C4244: '=': conversion from 'double' to 'size_t', possible loss of data
C:\Politechnika\ProjectZaliczenie\ProjectZaliczenie\grath\pbPlots.c(6349,42): warning C4244: 'function': conversion from 'double' to 'size_t', possible loss of data
C:\Politechnika\ProjectZaliczenie\ProjectZaliczenie\grath\pbPlots.c(6350,17): warning C4244: '=': conversion from 'double' to 'size_t', possible loss of data
C:\Politechnika\ProjectZaliczenie\ProjectZaliczenie\grath\pbPlots.c(6450,42): warning C4244: 'function': conversion from 'double' to 'size_t', possible loss of data
C:\Politechnika\ProjectZaliczenie\ProjectZaliczenie\grath\pbPlots.c(6451,17): warning C4244: '=': conversion from 'double' to 'size_t', possible loss of data
C:\Politechnika\ProjectZaliczenie\ProjectZaliczenie\grath\pbPlots.c(6485,45): warning C4244: 'function': conversion from 'double' to 'size_t', possible loss of data
C:\Politechnika\ProjectZaliczenie\ProjectZaliczenie\grath\pbPlots.c(6486,39): warning C4244: '=': conversion from 'double' to 'size_t', possible loss of data
